2025-08-27 14:09:00 | WARN | repo=arquillian-phantom-binary | action=commit
2025-09-25 11:47:00 | INFO | repo=arquillian-phantom-binary | action=edit | files=5
2025-02-01 17:41:00 | INFO | repo=arquillian-phantom-binary | action=commit
2025-02-10 13:12:00 | WARN | repo=arquillian-phantom-binary | action=commit
2025-09-27 20:19:00 | WARN | repo=arquillian-phantom-binary | action=test | passed=true
2025-05-01 07:51:00 | WARN | repo=arquillian-phantom-binary | action=commit
2025-04-25 21:12:00 | DEBUG | repo=arquillian-phantom-binary | action=commit
2025-09-17 18:27:00 | INFO | repo=arquillian-phantom-binary | action=commit
2025-10-11 08:55:00 | WARN | repo=arquillian-phantom-binary | action=commit
2025-08-28 15:48:00 | DEBUG | repo=arquillian-phantom-binary | action=commit
2025-03-28 08:11:00 | DEBUG | repo=arquillian-phantom-binary | action=test | passed=true
2025-08-13 14:01:00 | WARN | repo=arquillian-phantom-binary | action=commit
2025-06-01 10:22:00 | DEBUG | repo=arquillian-phantom-binary | action=commit
2025-12-11 21:02:00 | WARN | repo=arquillian-phantom-binary | action=commit
2025-01-06 12:51:00 | WARN | repo=arquillian-phantom-binary | action=commit
2025-05-19 13:51:00 | WARN | repo=arquillian-phantom-binary | action=commit
2025-02-12 08:32:00 | DEBUG | repo=arquillian-phantom-binary | action=commit
2025-03-14 07:01:00 | DEBUG | repo=arquillian-phantom-binary | action=commit
2025-09-04 12:14:00 | INFO | repo=arquillian-phantom-binary | action=commit
2025-09-12 18:03:00 | INFO | repo=arquillian-phantom-binary | action=commit
2025-09-22 19:39:00 | INFO | repo=arquillian-phantom-binary | action=commit
2025-09-24 16:15:00 | INFO | repo=arquillian-phantom-binary | action=pull
2025-04-11 13:38:00 | DEBUG | repo=arquillian-phantom-binary | action=commit
2025-11-23 15:12:00 | INFO | repo=arquillian-phantom-binary | action=commit
2025-11-07 20:05:00 | DEBUG | repo=arquillian-phantom-binary | action=commit
